Sat, 16 Oct 2021 09:52:51 GMT | INFO  | Server is running on port: 3000
Sat, 16 Oct 2021 09:52:51 GMT | INFO  | Connected to database
Sat, 16 Oct 2021 10:04:08 GMT | INFO  | Server is running on port: 3000
Sat, 16 Oct 2021 10:04:08 GMT | INFO  | Connected to database
Wed, 03 Nov 2021 14:44:20 GMT | INFO  | Server is running on port: 3000
Wed, 03 Nov 2021 14:44:20 GMT | INFO  | Connected to database
Mon, 08 Nov 2021 12:31:55 GMT | INFO  | Server is running on port: 3000
Mon, 08 Nov 2021 12:31:55 GMT | INFO  | Connected to database
Mon, 08 Nov 2021 13:44:09 GMT | INFO  | Server is running on port: 3000
Mon, 08 Nov 2021 13:44:09 GMT | INFO  | Connected to database
Sun, 14 Nov 2021 15:02:47 GMT | INFO  | Server is running on port: 3000
Sun, 14 Nov 2021 15:02:47 GMT | INFO  | Connected to database
Sun, 14 Nov 2021 15:29:22 GMT | INFO  | Server is running on port: 3000
Sun, 14 Nov 2021 15:29:23 GMT | INFO  | Connected to database
Sun, 14 Nov 2021 15:36:46 GMT | INFO  | Server is running on port: 3000
Sun, 14 Nov 2021 15:36:46 GMT | INFO  | Connected to database
Sun, 14 Nov 2021 15:43:54 GMT | INFO  | Server is running on port: 3000
Sun, 14 Nov 2021 15:43:54 GMT | INFO  | Connected to database
Sun, 14 Nov 2021 16:17:34 GMT | INFO  | Server is running on port: 3000
Sun, 14 Nov 2021 16:17:34 GMT | INFO  | Connected to database
Sun, 14 Nov 2021 16:20:11 GMT | INFO  | Server is running on port: 3000
Sun, 14 Nov 2021 16:20:11 GMT | INFO  | Connected to database
Wed, 24 Nov 2021 08:42:38 GMT | INFO  | Server is running on port: 3000
Wed, 24 Nov 2021 08:42:38 GMT | INFO  | Connected to database
Thu, 25 Nov 2021 14:58:46 GMT | INFO  | Server is running on port: 3000
Thu, 25 Nov 2021 14:58:46 GMT | INFO  | Connected to database
Thu, 25 Nov 2021 15:01:51 GMT | INFO  | Server is running on port: 3000
Thu, 25 Nov 2021 15:01:51 GMT | INFO  | Connected to database
Thu, 25 Nov 2021 15:07:15 GMT | INFO  | Server is running on port: 3000
Thu, 25 Nov 2021 15:07:15 GMT | INFO  | Connected to database
Thu, 25 Nov 2021 15:12:03 GMT | INFO  | Server is running on port: 3000
Thu, 25 Nov 2021 15:12:03 GMT | INFO  | Connected to database
Fri, 03 Dec 2021 01:01:57 GMT | INFO  | Server is running on port: 3000
Fri, 03 Dec 2021 01:01:57 GMT | INFO  | Connected to database
Mon, 03 Jan 2022 08:20:46 GMT | INFO  | Server is running on port: 3000
Mon, 03 Jan 2022 08:20:46 GMT | INFO  | Connected to database
Mon, 03 Jan 2022 08:52:04 GMT | INFO  | Server is running on port: 3000
Mon, 03 Jan 2022 08:52:04 GMT | INFO  | Connected to database
