Sat, 16 Oct 2021 10:01:25 GMT | ERROR  | HTTP 404: ask for:  http://localhost:3000/produit
Sat, 16 Oct 2021 10:01:27 GMT | ERROR  | HTTP 404: ask for:  http://localhost:3000/produits
Sat, 16 Oct 2021 10:01:29 GMT | ERROR  | HTTP 404: ask for:  http://localhost:3000/produits
Sat, 16 Oct 2021 10:04:45 GMT | ERROR  | HTTP 404: ask for:  http://localhost:3000/
Sat, 16 Oct 2021 10:04:45 GMT | ERROR  | HTTP 404: ask for:  http://localhost:3000/favicon.ico
Mon, 08 Nov 2021 13:16:14 GMT | ERROR  | HTTP 404: ask for:  http://localhost:3000/produits
Mon, 08 Nov 2021 13:16:21 GMT | ERROR  | HTTP 404: ask for:  http://localhost:3000/
Mon, 08 Nov 2021 13:16:21 GMT | ERROR  | HTTP 404: ask for:  http://localhost:3000/favicon.ico
Sun, 14 Nov 2021 15:37:19 GMT | ERROR  | HTTP 404: ask for:  http://localhost:3000/todos
Sun, 14 Nov 2021 15:37:19 GMT | ERROR  | HTTP 404: ask for:  http://localhost:3000/todos
Sun, 14 Nov 2021 15:39:58 GMT | ERROR  | HTTP 404: ask for:  http://localhost:3000/todos
Sun, 14 Nov 2021 15:39:58 GMT | ERROR  | HTTP 404: ask for:  http://localhost:3000/todos
Sun, 14 Nov 2021 15:40:46 GMT | ERROR  | HTTP 404: ask for:  http://localhost:3000/todos
Sun, 14 Nov 2021 15:40:46 GMT | ERROR  | HTTP 404: ask for:  http://localhost:3000/todos
Sun, 14 Nov 2021 15:40:50 GMT | ERROR  | HTTP 404: ask for:  http://localhost:3000/todos
Sun, 14 Nov 2021 15:40:50 GMT | ERROR  | HTTP 404: ask for:  http://localhost:3000/todos
Sun, 14 Nov 2021 15:41:06 GMT | ERROR  | HTTP 404: ask for:  http://localhost:3000/todos
Sun, 14 Nov 2021 15:41:06 GMT | ERROR  | HTTP 404: ask for:  http://localhost:3000/todos
Sun, 14 Nov 2021 15:42:53 GMT | ERROR  | HTTP 404: ask for:  http://localhost:3000/
Sun, 14 Nov 2021 15:42:53 GMT | ERROR  | HTTP 404: ask for:  http://localhost:3000/favicon.ico
Sun, 14 Nov 2021 15:43:02 GMT | ERROR  | HTTP 404: ask for:  http://localhost:3000/todos
Sun, 14 Nov 2021 15:43:09 GMT | ERROR  | HTTP 404: ask for:  http://localhost:3000/todo/614c2720b7fcc50ad04a1468
Sun, 14 Nov 2021 15:43:23 GMT | ERROR  | HTTP 404: ask for:  http://localhost:3000/todo/61912765b068ef61a07419fc
Sun, 14 Nov 2021 15:43:57 GMT | ERROR  | HTTP 404: ask for:  http://localhost:3000/favicon.ico
Sun, 14 Nov 2021 16:19:37 GMT | ERROR  | HTTP 404: ask for:  http://localhost:3000/favicon.ico
Wed, 24 Nov 2021 08:42:44 GMT | ERROR  | HTTP 404: ask for:  http://localhost:3000/?title=T&description=Todo
Wed, 24 Nov 2021 08:42:44 GMT | ERROR  | HTTP 404: ask for:  http://localhost:3000/favicon.ico
Thu, 25 Nov 2021 14:58:51 GMT | ERROR  | HTTP 404: ask for:  http://localhost:3000/
Thu, 25 Nov 2021 14:58:51 GMT | ERROR  | HTTP 404: ask for:  http://localhost:3000/favicon.ico
Thu, 25 Nov 2021 14:59:45 GMT | ERROR  | HTTP 404: ask for:  http://localhost:3000/
Thu, 25 Nov 2021 15:07:19 GMT | ERROR  | HTTP 404: ask for:  http://localhost:3000/static/js/1.chunk.js
Thu, 25 Nov 2021 15:07:19 GMT | ERROR  | HTTP 404: ask for:  http://localhost:3000/main.7f0b1ee83b48dd9c68c7.hot-update.js
Thu, 25 Nov 2021 15:07:19 GMT | ERROR  | HTTP 404: ask for:  http://localhost:3000/static/js/main.chunk.js
Thu, 25 Nov 2021 15:07:19 GMT | ERROR  | HTTP 404: ask for:  http://localhost:3000/static/js/bundle.js.map
Thu, 25 Nov 2021 15:07:19 GMT | ERROR  | HTTP 404: ask for:  http://localhost:3000/main.7f0b1ee83b48dd9c68c7.hot-update.js
Thu, 25 Nov 2021 15:07:19 GMT | ERROR  | HTTP 404: ask for:  http://localhost:3000/favicon.ico
Thu, 25 Nov 2021 15:07:19 GMT | ERROR  | HTTP 404: ask for:  http://localhost:3000/manifest.json
Thu, 25 Nov 2021 15:08:44 GMT | ERROR  | HTTP 404: ask for:  http://localhost:3000/api/v1/todos
Thu, 25 Nov 2021 15:08:50 GMT | ERROR  | HTTP 404: ask for:  http://localhost:3000/api/v1/todo
Thu, 25 Nov 2021 15:09:17 GMT | ERROR  | HTTP 404: ask for:  http://localhost:3000/api/v1/todos
Thu, 25 Nov 2021 15:09:30 GMT | ERROR  | HTTP 404: ask for:  http://localhost:3000/api/v1/todo
Thu, 25 Nov 2021 15:09:58 GMT | ERROR  | HTTP 404: ask for:  http://localhost:3000/api/v1/todo/undefined
Thu, 25 Nov 2021 15:11:43 GMT | ERROR  | HTTP 404: ask for:  http://localhost:3000/api/v1/todos
Thu, 25 Nov 2021 15:12:20 GMT | ERROR  | HTTP 404: ask for:  http://localhost:3000/api/v1/todos
Thu, 25 Nov 2021 15:12:56 GMT | ERROR  | HTTP 404: ask for:  http://localhost:3000/api/v1/todo
Thu, 25 Nov 2021 15:13:00 GMT | ERROR  | HTTP 404: ask for:  http://localhost:3000/api/v1/todo/undefined
Fri, 03 Dec 2021 01:02:09 GMT | ERROR  | HTTP 404: ask for:  http://localhost:3000/
